<?xml version="1.0" encoding="UTF-8"?>
<testng-results skipped="0" failed="0" total="0" passed="0">
  <reporter-output>
  </reporter-output>
  <suite name="Default suite" duration-ms="9847" started-at="2019-09-26T10:43:41Z" finished-at="2019-09-26T10:43:51Z">
    <groups>
    </groups>
    <test name="Default test" duration-ms="9847" started-at="2019-09-26T10:43:41Z" finished-at="2019-09-26T10:43:51Z">
      <class name="ohrmApplicationKyewordanddatadriven.Logintestofohrm">
        <test-method status="PASS" signature="setup()[pri:0, instance:ohrmApplicationKyewordanddatadriven.Logintestofohrm@c038203]" name="setup" is-config="true" duration-ms="9835" started-at="2019-09-26T03:43:41Z" finished-at="2019-09-26T03:43:51Z">
          <reporter-output>
          </reporter-output>
        </test-method> <!-- setup -->
        <test-method status="PASS" signature="Teardown()[pri:0, instance:ohrmApplicationKyewordanddatadriven.Logintestofohrm@c038203]" name="Teardown" is-config="true" duration-ms="0" started-at="2019-09-26T03:43:51Z" finished-at="2019-09-26T03:43:51Z">
          <reporter-output>
          </reporter-output>
        </test-method> <!-- Teardown -->
      </class> <!-- ohrmApplicationKyewordanddatadriven.Logintestofohrm -->
    </test> <!-- Default test -->
  </suite> <!-- Default suite -->
</testng-results>
